<?xml version="1.0" encoding="UTF-8"?>
<testng-results ignored="0" total="3" passed="3" failed="0" skipped="0">
  <reporter-output>
  </reporter-output>
  <suite started-at="2023-04-10T12:03:04 IST" name="Default suite" finished-at="2023-04-10T12:04:28 IST" duration-ms="83867">
    <groups>
    </groups>
    <test started-at="2023-04-10T12:03:04 IST" name="Default test" finished-at="2023-04-10T12:04:28 IST" duration-ms="83867">
      <class name="shrot_Testng.test1">
        <test-method signature="Hyd()[pri:0, instance:shrot_Testng.test1@192d43ce]" started-at="2023-04-10T12:03:04 IST" name="Hyd" finished-at="2023-04-10T12:03:32 IST" duration-ms="27427" status="PASS">
          <reporter-output>
          </reporter-output>
        </test-method> <!-- Hyd -->
        <test-method signature="Pune1()[pri:0, instance:shrot_Testng.test1@192d43ce]" started-at="2023-04-10T12:03:32 IST" name="Pune1" finished-at="2023-04-10T12:04:04 IST" duration-ms="31920" status="PASS">
          <reporter-output>
          </reporter-output>
        </test-method> <!-- Pune1 -->
        <test-method signature="shalan()[pri:0, instance:shrot_Testng.test1@192d43ce]" started-at="2023-04-10T12:04:04 IST" name="shalan" finished-at="2023-04-10T12:04:28 IST" duration-ms="24473" status="PASS">
          <reporter-output>
          </reporter-output>
        </test-method> <!-- shalan -->
      </class> <!-- shrot_Testng.test1 -->
    </test> <!-- Default test -->
  </suite> <!-- Default suite -->
</testng-results>
